CRITICAL - 2023-07-10 01:17:26 --> Undefined variable: route
in APPPATH\Config\Routes.php on line 98.
 1 APPPATH\Config\Routes.php(98): CodeIgniter\Debug\Exceptions->errorHandler(8, 'Undefined variable: route', 'APPPATH\\Config\\Routes.php', 98, [...])
 2 SYSTEMPATH\Router\RouteCollection.php(266): require('APPPATH\\Config\\Routes.php')
 3 SYSTEMPATH\CodeIgniter.php(802): CodeIgniter\Router\RouteCollection->loadRoutes()
 4 SYSTEMPATH\CodeIgniter.php(449): CodeIgniter\CodeIgniter->tryToRouteIt(null)
 5 SYSTEMPATH\CodeIgniter.php(368): CodeIgniter\CodeIgniter->handleRequest(null, Object(Config\Cache), false)
 6 FCPATH\index.php(67): CodeIgniter\CodeIgniter->run()
 7 SYSTEMPATH\Commands\Server\rewrite.php(47): require_once('FCPATH\\index.php')
CRITICAL - 2023-07-10 01:17:27 --> Undefined variable: route
in APPPATH\Config\Routes.php on line 98.
 1 APPPATH\Config\Routes.php(98): CodeIgniter\Debug\Exceptions->errorHandler(8, 'Undefined variable: route', 'APPPATH\\Config\\Routes.php', 98, [...])
 2 SYSTEMPATH\Router\RouteCollection.php(266): require('APPPATH\\Config\\Routes.php')
 3 SYSTEMPATH\CodeIgniter.php(802): CodeIgniter\Router\RouteCollection->loadRoutes()
 4 SYSTEMPATH\CodeIgniter.php(449): CodeIgniter\CodeIgniter->tryToRouteIt(null)
 5 SYSTEMPATH\CodeIgniter.php(368): CodeIgniter\CodeIgniter->handleRequest(null, Object(Config\Cache), false)
 6 FCPATH\index.php(67): CodeIgniter\CodeIgniter->run()
 7 SYSTEMPATH\Commands\Server\rewrite.php(47): require_once('FCPATH\\index.php')
INFO - 2023-07-10 01:17:53 --> Session: Class initialized using 'CodeIgniter\Session\Handlers\FileHandler' driver.
INFO - 2023-07-10 01:18:01 --> Session: Class initialized using 'CodeIgniter\Session\Handlers\FileHandler' driver.
INFO - 2023-07-10 01:18:03 --> Session: Class initialized using 'CodeIgniter\Session\Handlers\FileHandler' driver.
INFO - 2023-07-10 01:22:47 --> Session: Class initialized using 'CodeIgniter\Session\Handlers\FileHandler' driver.
INFO - 2023-07-10 01:25:04 --> Session: Class initialized using 'CodeIgniter\Session\Handlers\FileHandler' driver.
INFO - 2023-07-10 01:39:51 --> Session: Class initialized using 'CodeIgniter\Session\Handlers\FileHandler' driver.
INFO - 2023-07-10 01:39:52 --> Session: Class initialized using 'CodeIgniter\Session\Handlers\FileHandler' driver.
INFO - 2023-07-10 01:41:10 --> Session: Class initialized using 'CodeIgniter\Session\Handlers\FileHandler' driver.
INFO - 2023-07-10 01:42:12 --> Session: Class initialized using 'CodeIgniter\Session\Handlers\FileHandler' driver.
INFO - 2023-07-10 01:42:12 --> Session: Class initialized using 'CodeIgniter\Session\Handlers\FileHandler' driver.
INFO - 2023-07-10 04:20:33 --> Session: Class initialized using 'CodeIgniter\Session\Handlers\FileHandler' driver.
INFO - 2023-07-10 04:23:07 --> Session: Class initialized using 'CodeIgniter\Session\Handlers\FileHandler' driver.
INFO - 2023-07-10 04:24:20 --> Session: Class initialized using 'CodeIgniter\Session\Handlers\FileHandler' driver.
INFO - 2023-07-10 04:24:31 --> Session: Class initialized using 'CodeIgniter\Session\Handlers\FileHandler' driver.
INFO - 2023-07-10 04:24:32 --> Session: Class initialized using 'CodeIgniter\Session\Handlers\FileHandler' driver.
INFO - 2023-07-10 04:24:41 --> Session: Class initialized using 'CodeIgniter\Session\Handlers\FileHandler' driver.
INFO - 2023-07-10 04:24:42 --> Session: Class initialized using 'CodeIgniter\Session\Handlers\FileHandler' driver.
INFO - 2023-07-10 04:26:54 --> Session: Class initialized using 'CodeIgniter\Session\Handlers\FileHandler' driver.
INFO - 2023-07-10 04:28:42 --> Session: Class initialized using 'CodeIgniter\Session\Handlers\FileHandler' driver.
INFO - 2023-07-10 06:26:57 --> Session: Class initialized using 'CodeIgniter\Session\Handlers\FileHandler' driver.
INFO - 2023-07-10 06:27:00 --> Session: Class initialized using 'CodeIgniter\Session\Handlers\FileHandler' driver.
INFO - 2023-07-10 06:30:38 --> Session: Class initialized using 'CodeIgniter\Session\Handlers\FileHandler' driver.
INFO - 2023-07-10 06:30:41 --> Session: Class initialized using 'CodeIgniter\Session\Handlers\FileHandler' driver.
INFO - 2023-07-10 06:30:53 --> Session: Class initialized using 'CodeIgniter\Session\Handlers\FileHandler' driver.
INFO - 2023-07-10 06:30:53 --> Session: Class initialized using 'CodeIgniter\Session\Handlers\FileHandler' driver.
INFO - 2023-07-10 06:31:06 --> Session: Class initialized using 'CodeIgniter\Session\Handlers\FileHandler' driver.
INFO - 2023-07-10 06:33:12 --> Session: Class initialized using 'CodeIgniter\Session\Handlers\FileHandler' driver.
INFO - 2023-07-10 06:46:27 --> Session: Class initialized using 'CodeIgniter\Session\Handlers\FileHandler' driver.
INFO - 2023-07-10 06:46:32 --> Session: Class initialized using 'CodeIgniter\Session\Handlers\FileHandler' driver.
INFO - 2023-07-10 06:46:39 --> Session: Class initialized using 'CodeIgniter\Session\Handlers\FileHandler' driver.
INFO - 2023-07-10 06:46:45 --> Session: Class initialized using 'CodeIgniter\Session\Handlers\FileHandler' driver.
INFO - 2023-07-10 06:47:43 --> Session: Class initialized using 'CodeIgniter\Session\Handlers\FileHandler' driver.
INFO - 2023-07-10 06:47:47 --> Session: Class initialized using 'CodeIgniter\Session\Handlers\FileHandler' driver.
INFO - 2023-07-10 06:49:56 --> Session: Class initialized using 'CodeIgniter\Session\Handlers\FileHandler' driver.
INFO - 2023-07-10 06:50:15 --> Session: Class initialized using 'CodeIgniter\Session\Handlers\FileHandler' driver.
INFO - 2023-07-10 06:55:19 --> Session: Class initialized using 'CodeIgniter\Session\Handlers\FileHandler' driver.
INFO - 2023-07-10 06:55:24 --> Session: Class initialized using 'CodeIgniter\Session\Handlers\FileHandler' driver.
INFO - 2023-07-10 06:55:29 --> Session: Class initialized using 'CodeIgniter\Session\Handlers\FileHandler' driver.
INFO - 2023-07-10 06:55:30 --> Session: Class initialized using 'CodeIgniter\Session\Handlers\FileHandler' driver.
CRITICAL - 2023-07-10 06:55:30 --> Trying to get property 'jenis_treatment' of non-object
in APPPATH\Views\home\Detail.php on line 17.
 1 APPPATH\Views\home\Detail.php(17): CodeIgniter\Debug\Exceptions->errorHandler(8, 'Trying to get property \'jenis_treatment\' of non-object', 'APPPATH\\Views\\home\\Detail.php', 17, [...])
 2 SYSTEMPATH\View\View.php(213): include('APPPATH\\Views\\home\\Detail.php')
 3 SYSTEMPATH\View\View.php(216): CodeIgniter\View\View->CodeIgniter\View\{closure}()
 4 SYSTEMPATH\Common.php(1177): CodeIgniter\View\View->render('home/Detail', [], true)
 5 APPPATH\Controllers\Home.php(95): view('home/Detail', [...])
 6 SYSTEMPATH\CodeIgniter.php(934): App\Controllers\Home->Detail('css', 'bootstrap.min.css')
 7 SYSTEMPATH\CodeIgniter.php(499): CodeIgniter\CodeIgniter->runController(Object(App\Controllers\Home))
 8 SYSTEMPATH\CodeIgniter.php(368): CodeIgniter\CodeIgniter->handleRequest(null, Object(Config\Cache), false)
 9 FCPATH\index.php(67): CodeIgniter\CodeIgniter->run()
10 SYSTEMPATH\Commands\Server\rewrite.php(47): require_once('FCPATH\\index.php')
INFO - 2023-07-10 06:55:30 --> Session: Class initialized using 'CodeIgniter\Session\Handlers\FileHandler' driver.
CRITICAL - 2023-07-10 06:55:30 --> Trying to get property 'jenis_treatment' of non-object
in APPPATH\Views\home\Detail.php on line 17.
 1 APPPATH\Views\home\Detail.php(17): CodeIgniter\Debug\Exceptions->errorHandler(8, 'Trying to get property \'jenis_treatment\' of non-object', 'APPPATH\\Views\\home\\Detail.php', 17, [...])
 2 SYSTEMPATH\View\View.php(213): include('APPPATH\\Views\\home\\Detail.php')
 3 SYSTEMPATH\View\View.php(216): CodeIgniter\View\View->CodeIgniter\View\{closure}()
 4 SYSTEMPATH\Common.php(1177): CodeIgniter\View\View->render('home/Detail', [], true)
 5 APPPATH\Controllers\Home.php(95): view('home/Detail', [...])
 6 SYSTEMPATH\CodeIgniter.php(934): App\Controllers\Home->Detail('css', 'style.css')
 7 SYSTEMPATH\CodeIgniter.php(499): CodeIgniter\CodeIgniter->runController(Object(App\Controllers\Home))
 8 SYSTEMPATH\CodeIgniter.php(368): CodeIgniter\CodeIgniter->handleRequest(null, Object(Config\Cache), false)
 9 FCPATH\index.php(67): CodeIgniter\CodeIgniter->run()
10 SYSTEMPATH\Commands\Server\rewrite.php(47): require_once('FCPATH\\index.php')
INFO - 2023-07-10 08:33:37 --> Session: Class initialized using 'CodeIgniter\Session\Handlers\FileHandler' driver.
INFO - 2023-07-10 08:34:55 --> Session: Class initialized using 'CodeIgniter\Session\Handlers\FileHandler' driver.
INFO - 2023-07-10 08:34:57 --> Session: Class initialized using 'CodeIgniter\Session\Handlers\FileHandler' driver.
CRITICAL - 2023-07-10 08:34:57 --> Undefined variable: dataReservasi
in APPPATH\Views\Admin\Laporan.php on line 74.
 1 APPPATH\Views\Admin\Laporan.php(74): CodeIgniter\Debug\Exceptions->errorHandler(8, 'Undefined variable: dataReservasi', 'APPPATH\\Views\\Admin\\Laporan.php', 74, [...])
 2 SYSTEMPATH\View\View.php(213): include('APPPATH\\Views\\Admin\\Laporan.php')
 3 SYSTEMPATH\View\View.php(216): CodeIgniter\View\View->CodeIgniter\View\{closure}()
 4 SYSTEMPATH\Common.php(1177): CodeIgniter\View\View->render('Admin/Laporan', [], true)
 5 APPPATH\Controllers\Home.php(161): view('Admin/Laporan', [...])
 6 SYSTEMPATH\CodeIgniter.php(934): App\Controllers\Home->Laporan()
 7 SYSTEMPATH\CodeIgniter.php(499): CodeIgniter\CodeIgniter->runController(Object(App\Controllers\Home))
 8 SYSTEMPATH\CodeIgniter.php(368): CodeIgniter\CodeIgniter->handleRequest(null, Object(Config\Cache), false)
 9 FCPATH\index.php(67): CodeIgniter\CodeIgniter->run()
10 SYSTEMPATH\Commands\Server\rewrite.php(47): require_once('FCPATH\\index.php')
INFO - 2023-07-10 08:48:51 --> Session: Class initialized using 'CodeIgniter\Session\Handlers\FileHandler' driver.
CRITICAL - 2023-07-10 08:48:51 --> Undefined variable: dataReservasi
in APPPATH\Views\Admin\Laporan.php on line 74.
 1 APPPATH\Views\Admin\Laporan.php(74): CodeIgniter\Debug\Exceptions->errorHandler(8, 'Undefined variable: dataReservasi', 'APPPATH\\Views\\Admin\\Laporan.php', 74, [...])
 2 SYSTEMPATH\View\View.php(213): include('APPPATH\\Views\\Admin\\Laporan.php')
 3 SYSTEMPATH\View\View.php(216): CodeIgniter\View\View->CodeIgniter\View\{closure}()
 4 SYSTEMPATH\Common.php(1177): CodeIgniter\View\View->render('Admin/Laporan', [], true)
 5 APPPATH\Controllers\Home.php(161): view('Admin/Laporan', [...])
 6 SYSTEMPATH\CodeIgniter.php(934): App\Controllers\Home->Laporan()
 7 SYSTEMPATH\CodeIgniter.php(499): CodeIgniter\CodeIgniter->runController(Object(App\Controllers\Home))
 8 SYSTEMPATH\CodeIgniter.php(368): CodeIgniter\CodeIgniter->handleRequest(null, Object(Config\Cache), false)
 9 FCPATH\index.php(67): CodeIgniter\CodeIgniter->run()
10 SYSTEMPATH\Commands\Server\rewrite.php(47): require_once('FCPATH\\index.php')
INFO - 2023-07-10 08:54:04 --> Session: Class initialized using 'CodeIgniter\Session\Handlers\FileHandler' driver.
CRITICAL - 2023-07-10 08:54:04 --> Undefined variable: dataReservasi
in APPPATH\Views\Admin\Laporan.php on line 73.
 1 APPPATH\Views\Admin\Laporan.php(73): CodeIgniter\Debug\Exceptions->errorHandler(8, 'Undefined variable: dataReservasi', 'APPPATH\\Views\\Admin\\Laporan.php', 73, [...])
 2 SYSTEMPATH\View\View.php(213): include('APPPATH\\Views\\Admin\\Laporan.php')
 3 SYSTEMPATH\View\View.php(216): CodeIgniter\View\View->CodeIgniter\View\{closure}()
 4 SYSTEMPATH\Common.php(1177): CodeIgniter\View\View->render('Admin/Laporan', [], true)
 5 APPPATH\Controllers\Home.php(161): view('Admin/Laporan', [...])
 6 SYSTEMPATH\CodeIgniter.php(934): App\Controllers\Home->Laporan()
 7 SYSTEMPATH\CodeIgniter.php(499): CodeIgniter\CodeIgniter->runController(Object(App\Controllers\Home))
 8 SYSTEMPATH\CodeIgniter.php(368): CodeIgniter\CodeIgniter->handleRequest(null, Object(Config\Cache), false)
 9 FCPATH\index.php(67): CodeIgniter\CodeIgniter->run()
10 SYSTEMPATH\Commands\Server\rewrite.php(47): require_once('FCPATH\\index.php')
INFO - 2023-07-10 08:55:02 --> Session: Class initialized using 'CodeIgniter\Session\Handlers\FileHandler' driver.
CRITICAL - 2023-07-10 08:55:02 --> Undefined variable: dataLaporan
in APPPATH\Views\Admin\Laporan.php on line 73.
 1 APPPATH\Views\Admin\Laporan.php(73): CodeIgniter\Debug\Exceptions->errorHandler(8, 'Undefined variable: dataLaporan', 'APPPATH\\Views\\Admin\\Laporan.php', 73, [...])
 2 SYSTEMPATH\View\View.php(213): include('APPPATH\\Views\\Admin\\Laporan.php')
 3 SYSTEMPATH\View\View.php(216): CodeIgniter\View\View->CodeIgniter\View\{closure}()
 4 SYSTEMPATH\Common.php(1177): CodeIgniter\View\View->render('Admin/Laporan', [], true)
 5 APPPATH\Controllers\Home.php(161): view('Admin/Laporan', [...])
 6 SYSTEMPATH\CodeIgniter.php(934): App\Controllers\Home->Laporan()
 7 SYSTEMPATH\CodeIgniter.php(499): CodeIgniter\CodeIgniter->runController(Object(App\Controllers\Home))
 8 SYSTEMPATH\CodeIgniter.php(368): CodeIgniter\CodeIgniter->handleRequest(null, Object(Config\Cache), false)
 9 FCPATH\index.php(67): CodeIgniter\CodeIgniter->run()
10 SYSTEMPATH\Commands\Server\rewrite.php(47): require_once('FCPATH\\index.php')
INFO - 2023-07-10 08:55:40 --> Session: Class initialized using 'CodeIgniter\Session\Handlers\FileHandler' driver.
CRITICAL - 2023-07-10 08:55:40 --> Undefined variable: dataReservasi
in APPPATH\Views\Admin\Laporan.php on line 28.
 1 APPPATH\Views\Admin\Laporan.php(28): CodeIgniter\Debug\Exceptions->errorHandler(8, 'Undefined variable: dataReservasi', 'APPPATH\\Views\\Admin\\Laporan.php', 28, [...])
 2 SYSTEMPATH\View\View.php(213): include('APPPATH\\Views\\Admin\\Laporan.php')
 3 SYSTEMPATH\View\View.php(216): CodeIgniter\View\View->CodeIgniter\View\{closure}()
 4 SYSTEMPATH\Common.php(1177): CodeIgniter\View\View->render('Admin/Laporan', [], true)
 5 APPPATH\Controllers\Home.php(161): view('Admin/Laporan', [...])
 6 SYSTEMPATH\CodeIgniter.php(934): App\Controllers\Home->Laporan()
 7 SYSTEMPATH\CodeIgniter.php(499): CodeIgniter\CodeIgniter->runController(Object(App\Controllers\Home))
 8 SYSTEMPATH\CodeIgniter.php(368): CodeIgniter\CodeIgniter->handleRequest(null, Object(Config\Cache), false)
 9 FCPATH\index.php(67): CodeIgniter\CodeIgniter->run()
10 SYSTEMPATH\Commands\Server\rewrite.php(47): require_once('FCPATH\\index.php')
INFO - 2023-07-10 08:55:44 --> Session: Class initialized using 'CodeIgniter\Session\Handlers\FileHandler' driver.
CRITICAL - 2023-07-10 08:55:44 --> Undefined variable: dataReservasi
in APPPATH\Views\Admin\Laporan.php on line 28.
 1 APPPATH\Views\Admin\Laporan.php(28): CodeIgniter\Debug\Exceptions->errorHandler(8, 'Undefined variable: dataReservasi', 'APPPATH\\Views\\Admin\\Laporan.php', 28, [...])
 2 SYSTEMPATH\View\View.php(213): include('APPPATH\\Views\\Admin\\Laporan.php')
 3 SYSTEMPATH\View\View.php(216): CodeIgniter\View\View->CodeIgniter\View\{closure}()
 4 SYSTEMPATH\Common.php(1177): CodeIgniter\View\View->render('Admin/Laporan', [], true)
 5 APPPATH\Controllers\Home.php(161): view('Admin/Laporan', [...])
 6 SYSTEMPATH\CodeIgniter.php(934): App\Controllers\Home->Laporan()
 7 SYSTEMPATH\CodeIgniter.php(499): CodeIgniter\CodeIgniter->runController(Object(App\Controllers\Home))
 8 SYSTEMPATH\CodeIgniter.php(368): CodeIgniter\CodeIgniter->handleRequest(null, Object(Config\Cache), false)
 9 FCPATH\index.php(67): CodeIgniter\CodeIgniter->run()
10 SYSTEMPATH\Commands\Server\rewrite.php(47): require_once('FCPATH\\index.php')
INFO - 2023-07-10 08:55:59 --> Session: Class initialized using 'CodeIgniter\Session\Handlers\FileHandler' driver.
CRITICAL - 2023-07-10 08:55:59 --> Undefined variable: dataReservasi
in APPPATH\Views\Admin\Laporan.php on line 28.
 1 APPPATH\Views\Admin\Laporan.php(28): CodeIgniter\Debug\Exceptions->errorHandler(8, 'Undefined variable: dataReservasi', 'APPPATH\\Views\\Admin\\Laporan.php', 28, [...])
 2 SYSTEMPATH\View\View.php(213): include('APPPATH\\Views\\Admin\\Laporan.php')
 3 SYSTEMPATH\View\View.php(216): CodeIgniter\View\View->CodeIgniter\View\{closure}()
 4 SYSTEMPATH\Common.php(1177): CodeIgniter\View\View->render('Admin/Laporan', [], true)
 5 APPPATH\Controllers\Home.php(161): view('Admin/Laporan', [...])
 6 SYSTEMPATH\CodeIgniter.php(934): App\Controllers\Home->Laporan()
 7 SYSTEMPATH\CodeIgniter.php(499): CodeIgniter\CodeIgniter->runController(Object(App\Controllers\Home))
 8 SYSTEMPATH\CodeIgniter.php(368): CodeIgniter\CodeIgniter->handleRequest(null, Object(Config\Cache), false)
 9 FCPATH\index.php(67): CodeIgniter\CodeIgniter->run()
10 SYSTEMPATH\Commands\Server\rewrite.php(47): require_once('FCPATH\\index.php')
INFO - 2023-07-10 12:20:06 --> Session: Class initialized using 'CodeIgniter\Session\Handlers\FileHandler' driver.
INFO - 2023-07-10 12:21:35 --> Session: Class initialized using 'CodeIgniter\Session\Handlers\FileHandler' driver.
INFO - 2023-07-10 12:21:37 --> Session: Class initialized using 'CodeIgniter\Session\Handlers\FileHandler' driver.
INFO - 2023-07-10 12:21:41 --> Session: Class initialized using 'CodeIgniter\Session\Handlers\FileHandler' driver.
INFO - 2023-07-10 12:22:36 --> Session: Class initialized using 'CodeIgniter\Session\Handlers\FileHandler' driver.
CRITICAL - 2023-07-10 12:22:41 --> Use of undefined constant _TITLE - assumed '_TITLE' (this will throw an Error in a future version of PHP)
in APPPATH\Controllers\Login.php on line 116.
 1 APPPATH\Controllers\Login.php(116): CodeIgniter\Debug\Exceptions->errorHandler(2, 'Use of undefined constant _TITLE - assumed \'_TITLE\' (this will throw an Error in a future version of PHP)', 'APPPATH\\Controllers\\Login.php', 116, [])
 2 SYSTEMPATH\CodeIgniter.php(934): App\Controllers\Login->ubahPassword()
 3 SYSTEMPATH\CodeIgniter.php(499): CodeIgniter\CodeIgniter->runController(Object(App\Controllers\Login))
 4 SYSTEMPATH\CodeIgniter.php(368): CodeIgniter\CodeIgniter->handleRequest(null, Object(Config\Cache), false)
 5 FCPATH\index.php(67): CodeIgniter\CodeIgniter->run()
 6 SYSTEMPATH\Commands\Server\rewrite.php(47): require_once('FCPATH\\index.php')
CRITICAL - 2023-07-10 12:30:38 --> Use of undefined constant _TITLE - assumed '_TITLE' (this will throw an Error in a future version of PHP)
in APPPATH\Controllers\Login.php on line 116.
 1 APPPATH\Controllers\Login.php(116): CodeIgniter\Debug\Exceptions->errorHandler(2, 'Use of undefined constant _TITLE - assumed \'_TITLE\' (this will throw an Error in a future version of PHP)', 'APPPATH\\Controllers\\Login.php', 116, [])
 2 SYSTEMPATH\CodeIgniter.php(934): App\Controllers\Login->ubahPassword()
 3 SYSTEMPATH\CodeIgniter.php(499): CodeIgniter\CodeIgniter->runController(Object(App\Controllers\Login))
 4 SYSTEMPATH\CodeIgniter.php(368): CodeIgniter\CodeIgniter->handleRequest(null, Object(Config\Cache), false)
 5 FCPATH\index.php(67): CodeIgniter\CodeIgniter->run()
 6 SYSTEMPATH\Commands\Server\rewrite.php(47): require_once('FCPATH\\index.php')
INFO - 2023-07-10 23:41:12 --> Session: Class initialized using 'CodeIgniter\Session\Handlers\FileHandler' driver.
INFO - 2023-07-10 23:41:18 --> Session: Class initialized using 'CodeIgniter\Session\Handlers\FileHandler' driver.
CRITICAL - 2023-07-10 23:41:25 --> Use of undefined constant _TITLE - assumed '_TITLE' (this will throw an Error in a future version of PHP)
in APPPATH\Controllers\Login.php on line 116.
 1 APPPATH\Controllers\Login.php(116): CodeIgniter\Debug\Exceptions->errorHandler(2, 'Use of undefined constant _TITLE - assumed \'_TITLE\' (this will throw an Error in a future version of PHP)', 'APPPATH\\Controllers\\Login.php', 116, [])
 2 SYSTEMPATH\CodeIgniter.php(934): App\Controllers\Login->ubahPassword()
 3 SYSTEMPATH\CodeIgniter.php(499): CodeIgniter\CodeIgniter->runController(Object(App\Controllers\Login))
 4 SYSTEMPATH\CodeIgniter.php(368): CodeIgniter\CodeIgniter->handleRequest(null, Object(Config\Cache), false)
 5 FCPATH\index.php(67): CodeIgniter\CodeIgniter->run()
 6 SYSTEMPATH\Commands\Server\rewrite.php(47): require_once('FCPATH\\index.php')
INFO - 2023-07-10 23:41:28 --> Session: Class initialized using 'CodeIgniter\Session\Handlers\FileHandler' driver.
INFO - 2023-07-10 23:41:37 --> Session: Class initialized using 'CodeIgniter\Session\Handlers\FileHandler' driver.
INFO - 2023-07-10 23:41:37 --> Session: Class initialized using 'CodeIgniter\Session\Handlers\FileHandler' driver.
INFO - 2023-07-10 23:41:42 --> Session: Class initialized using 'CodeIgniter\Session\Handlers\FileHandler' driver.
CRITICAL - 2023-07-10 23:41:42 --> Undefined variable: dataReservasi
in APPPATH\Views\Admin\Laporan.php on line 74.
 1 APPPATH\Views\Admin\Laporan.php(74): CodeIgniter\Debug\Exceptions->errorHandler(8, 'Undefined variable: dataReservasi', 'APPPATH\\Views\\Admin\\Laporan.php', 74, [...])
 2 SYSTEMPATH\View\View.php(213): include('APPPATH\\Views\\Admin\\Laporan.php')
 3 SYSTEMPATH\View\View.php(216): CodeIgniter\View\View->CodeIgniter\View\{closure}()
 4 SYSTEMPATH\Common.php(1177): CodeIgniter\View\View->render('Admin/Laporan', [], true)
 5 APPPATH\Controllers\Home.php(161): view('Admin/Laporan', [...])
 6 SYSTEMPATH\CodeIgniter.php(934): App\Controllers\Home->Laporan()
 7 SYSTEMPATH\CodeIgniter.php(499): CodeIgniter\CodeIgniter->runController(Object(App\Controllers\Home))
 8 SYSTEMPATH\CodeIgniter.php(368): CodeIgniter\CodeIgniter->handleRequest(null, Object(Config\Cache), false)
 9 FCPATH\index.php(67): CodeIgniter\CodeIgniter->run()
10 SYSTEMPATH\Commands\Server\rewrite.php(47): require_once('FCPATH\\index.php')
INFO - 2023-07-10 23:43:33 --> Session: Class initialized using 'CodeIgniter\Session\Handlers\FileHandler' driver.
CRITICAL - 2023-07-10 23:43:34 --> Undefined variable: dataReservasi
in APPPATH\Views\Admin\Laporan.php on line 74.
 1 APPPATH\Views\Admin\Laporan.php(74): CodeIgniter\Debug\Exceptions->errorHandler(8, 'Undefined variable: dataReservasi', 'APPPATH\\Views\\Admin\\Laporan.php', 74, [...])
 2 SYSTEMPATH\View\View.php(213): include('APPPATH\\Views\\Admin\\Laporan.php')
 3 SYSTEMPATH\View\View.php(216): CodeIgniter\View\View->CodeIgniter\View\{closure}()
 4 SYSTEMPATH\Common.php(1177): CodeIgniter\View\View->render('Admin/Laporan', [], true)
 5 APPPATH\Controllers\Home.php(161): view('Admin/Laporan', [...])
 6 SYSTEMPATH\CodeIgniter.php(934): App\Controllers\Home->Laporan()
 7 SYSTEMPATH\CodeIgniter.php(499): CodeIgniter\CodeIgniter->runController(Object(App\Controllers\Home))
 8 SYSTEMPATH\CodeIgniter.php(368): CodeIgniter\CodeIgniter->handleRequest(null, Object(Config\Cache), false)
 9 FCPATH\index.php(67): CodeIgniter\CodeIgniter->run()
10 SYSTEMPATH\Commands\Server\rewrite.php(47): require_once('FCPATH\\index.php')
INFO - 2023-07-10 23:47:20 --> Session: Class initialized using 'CodeIgniter\Session\Handlers\FileHandler' driver.
CRITICAL - 2023-07-10 23:47:20 --> Undefined variable: dataReservasi
in APPPATH\Views\Admin\Laporan.php on line 74.
 1 APPPATH\Views\Admin\Laporan.php(74): CodeIgniter\Debug\Exceptions->errorHandler(8, 'Undefined variable: dataReservasi', 'APPPATH\\Views\\Admin\\Laporan.php', 74, [...])
 2 SYSTEMPATH\View\View.php(213): include('APPPATH\\Views\\Admin\\Laporan.php')
 3 SYSTEMPATH\View\View.php(216): CodeIgniter\View\View->CodeIgniter\View\{closure}()
 4 SYSTEMPATH\Common.php(1177): CodeIgniter\View\View->render('Admin/Laporan', [], true)
 5 APPPATH\Controllers\Home.php(161): view('Admin/Laporan', [...])
 6 SYSTEMPATH\CodeIgniter.php(934): App\Controllers\Home->Laporan()
 7 SYSTEMPATH\CodeIgniter.php(499): CodeIgniter\CodeIgniter->runController(Object(App\Controllers\Home))
 8 SYSTEMPATH\CodeIgniter.php(368): CodeIgniter\CodeIgniter->handleRequest(null, Object(Config\Cache), false)
 9 FCPATH\index.php(67): CodeIgniter\CodeIgniter->run()
10 SYSTEMPATH\Commands\Server\rewrite.php(47): require_once('FCPATH\\index.php')
INFO - 2023-07-10 23:53:45 --> Session: Class initialized using 'CodeIgniter\Session\Handlers\FileHandler' driver.
CRITICAL - 2023-07-10 23:53:45 --> Undefined variable: dataReservasi
in APPPATH\Views\Admin\Laporan.php on line 74.
 1 APPPATH\Views\Admin\Laporan.php(74): CodeIgniter\Debug\Exceptions->errorHandler(8, 'Undefined variable: dataReservasi', 'APPPATH\\Views\\Admin\\Laporan.php', 74, [...])
 2 SYSTEMPATH\View\View.php(213): include('APPPATH\\Views\\Admin\\Laporan.php')
 3 SYSTEMPATH\View\View.php(216): CodeIgniter\View\View->CodeIgniter\View\{closure}()
 4 SYSTEMPATH\Common.php(1177): CodeIgniter\View\View->render('Admin/Laporan', [], true)
 5 APPPATH\Controllers\Home.php(161): view('Admin/Laporan', [...])
 6 SYSTEMPATH\CodeIgniter.php(934): App\Controllers\Home->Laporan()
 7 SYSTEMPATH\CodeIgniter.php(499): CodeIgniter\CodeIgniter->runController(Object(App\Controllers\Home))
 8 SYSTEMPATH\CodeIgniter.php(368): CodeIgniter\CodeIgniter->handleRequest(null, Object(Config\Cache), false)
 9 FCPATH\index.php(67): CodeIgniter\CodeIgniter->run()
10 SYSTEMPATH\Commands\Server\rewrite.php(47): require_once('FCPATH\\index.php')
INFO - 2023-07-10 23:53:46 --> Session: Class initialized using 'CodeIgniter\Session\Handlers\FileHandler' driver.
CRITICAL - 2023-07-10 23:53:46 --> Undefined variable: dataReservasi
in APPPATH\Views\Admin\Laporan.php on line 74.
 1 APPPATH\Views\Admin\Laporan.php(74): CodeIgniter\Debug\Exceptions->errorHandler(8, 'Undefined variable: dataReservasi', 'APPPATH\\Views\\Admin\\Laporan.php', 74, [...])
 2 SYSTEMPATH\View\View.php(213): include('APPPATH\\Views\\Admin\\Laporan.php')
 3 SYSTEMPATH\View\View.php(216): CodeIgniter\View\View->CodeIgniter\View\{closure}()
 4 SYSTEMPATH\Common.php(1177): CodeIgniter\View\View->render('Admin/Laporan', [], true)
 5 APPPATH\Controllers\Home.php(161): view('Admin/Laporan', [...])
 6 SYSTEMPATH\CodeIgniter.php(934): App\Controllers\Home->Laporan()
 7 SYSTEMPATH\CodeIgniter.php(499): CodeIgniter\CodeIgniter->runController(Object(App\Controllers\Home))
 8 SYSTEMPATH\CodeIgniter.php(368): CodeIgniter\CodeIgniter->handleRequest(null, Object(Config\Cache), false)
 9 FCPATH\index.php(67): CodeIgniter\CodeIgniter->run()
10 SYSTEMPATH\Commands\Server\rewrite.php(47): require_once('FCPATH\\index.php')
INFO - 2023-07-10 23:53:47 --> Session: Class initialized using 'CodeIgniter\Session\Handlers\FileHandler' driver.
CRITICAL - 2023-07-10 23:53:47 --> Undefined variable: dataReservasi
in APPPATH\Views\Admin\Laporan.php on line 74.
 1 APPPATH\Views\Admin\Laporan.php(74): CodeIgniter\Debug\Exceptions->errorHandler(8, 'Undefined variable: dataReservasi', 'APPPATH\\Views\\Admin\\Laporan.php', 74, [...])
 2 SYSTEMPATH\View\View.php(213): include('APPPATH\\Views\\Admin\\Laporan.php')
 3 SYSTEMPATH\View\View.php(216): CodeIgniter\View\View->CodeIgniter\View\{closure}()
 4 SYSTEMPATH\Common.php(1177): CodeIgniter\View\View->render('Admin/Laporan', [], true)
 5 APPPATH\Controllers\Home.php(161): view('Admin/Laporan', [...])
 6 SYSTEMPATH\CodeIgniter.php(934): App\Controllers\Home->Laporan()
 7 SYSTEMPATH\CodeIgniter.php(499): CodeIgniter\CodeIgniter->runController(Object(App\Controllers\Home))
 8 SYSTEMPATH\CodeIgniter.php(368): CodeIgniter\CodeIgniter->handleRequest(null, Object(Config\Cache), false)
 9 FCPATH\index.php(67): CodeIgniter\CodeIgniter->run()
10 SYSTEMPATH\Commands\Server\rewrite.php(47): require_once('FCPATH\\index.php')
INFO - 2023-07-10 23:59:01 --> Session: Class initialized using 'CodeIgniter\Session\Handlers\FileHandler' driver.
CRITICAL - 2023-07-10 23:59:01 --> Undefined variable: dataReservasi
in APPPATH\Views\Admin\Laporan.php on line 74.
 1 APPPATH\Views\Admin\Laporan.php(74): CodeIgniter\Debug\Exceptions->errorHandler(8, 'Undefined variable: dataReservasi', 'APPPATH\\Views\\Admin\\Laporan.php', 74, [...])
 2 SYSTEMPATH\View\View.php(213): include('APPPATH\\Views\\Admin\\Laporan.php')
 3 SYSTEMPATH\View\View.php(216): CodeIgniter\View\View->CodeIgniter\View\{closure}()
 4 SYSTEMPATH\Common.php(1177): CodeIgniter\View\View->render('Admin/Laporan', [], true)
 5 APPPATH\Controllers\Home.php(161): view('Admin/Laporan', [...])
 6 SYSTEMPATH\CodeIgniter.php(934): App\Controllers\Home->Laporan()
 7 SYSTEMPATH\CodeIgniter.php(499): CodeIgniter\CodeIgniter->runController(Object(App\Controllers\Home))
 8 SYSTEMPATH\CodeIgniter.php(368): CodeIgniter\CodeIgniter->handleRequest(null, Object(Config\Cache), false)
 9 FCPATH\index.php(67): CodeIgniter\CodeIgniter->run()
10 SYSTEMPATH\Commands\Server\rewrite.php(47): require_once('FCPATH\\index.php')
INFO - 2023-07-10 23:59:02 --> Session: Class initialized using 'CodeIgniter\Session\Handlers\FileHandler' driver.
CRITICAL - 2023-07-10 23:59:02 --> Undefined variable: dataReservasi
in APPPATH\Views\Admin\Laporan.php on line 74.
 1 APPPATH\Views\Admin\Laporan.php(74): CodeIgniter\Debug\Exceptions->errorHandler(8, 'Undefined variable: dataReservasi', 'APPPATH\\Views\\Admin\\Laporan.php', 74, [...])
 2 SYSTEMPATH\View\View.php(213): include('APPPATH\\Views\\Admin\\Laporan.php')
 3 SYSTEMPATH\View\View.php(216): CodeIgniter\View\View->CodeIgniter\View\{closure}()
 4 SYSTEMPATH\Common.php(1177): CodeIgniter\View\View->render('Admin/Laporan', [], true)
 5 APPPATH\Controllers\Home.php(161): view('Admin/Laporan', [...])
 6 SYSTEMPATH\CodeIgniter.php(934): App\Controllers\Home->Laporan()
 7 SYSTEMPATH\CodeIgniter.php(499): CodeIgniter\CodeIgniter->runController(Object(App\Controllers\Home))
 8 SYSTEMPATH\CodeIgniter.php(368): CodeIgniter\CodeIgniter->handleRequest(null, Object(Config\Cache), false)
 9 FCPATH\index.php(67): CodeIgniter\CodeIgniter->run()
10 SYSTEMPATH\Commands\Server\rewrite.php(47): require_once('FCPATH\\index.php')
INFO - 2023-07-10 23:59:03 --> Session: Class initialized using 'CodeIgniter\Session\Handlers\FileHandler' driver.
CRITICAL - 2023-07-10 23:59:03 --> Undefined variable: dataReservasi
in APPPATH\Views\Admin\Laporan.php on line 74.
 1 APPPATH\Views\Admin\Laporan.php(74): CodeIgniter\Debug\Exceptions->errorHandler(8, 'Undefined variable: dataReservasi', 'APPPATH\\Views\\Admin\\Laporan.php', 74, [...])
 2 SYSTEMPATH\View\View.php(213): include('APPPATH\\Views\\Admin\\Laporan.php')
 3 SYSTEMPATH\View\View.php(216): CodeIgniter\View\View->CodeIgniter\View\{closure}()
 4 SYSTEMPATH\Common.php(1177): CodeIgniter\View\View->render('Admin/Laporan', [], true)
 5 APPPATH\Controllers\Home.php(161): view('Admin/Laporan', [...])
 6 SYSTEMPATH\CodeIgniter.php(934): App\Controllers\Home->Laporan()
 7 SYSTEMPATH\CodeIgniter.php(499): CodeIgniter\CodeIgniter->runController(Object(App\Controllers\Home))
 8 SYSTEMPATH\CodeIgniter.php(368): CodeIgniter\CodeIgniter->handleRequest(null, Object(Config\Cache), false)
 9 FCPATH\index.php(67): CodeIgniter\CodeIgniter->run()
10 SYSTEMPATH\Commands\Server\rewrite.php(47): require_once('FCPATH\\index.php')
INFO - 2023-07-10 23:59:04 --> Session: Class initialized using 'CodeIgniter\Session\Handlers\FileHandler' driver.
CRITICAL - 2023-07-10 23:59:04 --> Undefined variable: dataReservasi
in APPPATH\Views\Admin\Laporan.php on line 74.
 1 APPPATH\Views\Admin\Laporan.php(74): CodeIgniter\Debug\Exceptions->errorHandler(8, 'Undefined variable: dataReservasi', 'APPPATH\\Views\\Admin\\Laporan.php', 74, [...])
 2 SYSTEMPATH\View\View.php(213): include('APPPATH\\Views\\Admin\\Laporan.php')
 3 SYSTEMPATH\View\View.php(216): CodeIgniter\View\View->CodeIgniter\View\{closure}()
 4 SYSTEMPATH\Common.php(1177): CodeIgniter\View\View->render('Admin/Laporan', [], true)
 5 APPPATH\Controllers\Home.php(161): view('Admin/Laporan', [...])
 6 SYSTEMPATH\CodeIgniter.php(934): App\Controllers\Home->Laporan()
 7 SYSTEMPATH\CodeIgniter.php(499): CodeIgniter\CodeIgniter->runController(Object(App\Controllers\Home))
 8 SYSTEMPATH\CodeIgniter.php(368): CodeIgniter\CodeIgniter->handleRequest(null, Object(Config\Cache), false)
 9 FCPATH\index.php(67): CodeIgniter\CodeIgniter->run()
10 SYSTEMPATH\Commands\Server\rewrite.php(47): require_once('FCPATH\\index.php')
INFO - 2023-07-10 23:59:05 --> Session: Class initialized using 'CodeIgniter\Session\Handlers\FileHandler' driver.
CRITICAL - 2023-07-10 23:59:05 --> Undefined variable: dataReservasi
in APPPATH\Views\Admin\Laporan.php on line 74.
 1 APPPATH\Views\Admin\Laporan.php(74): CodeIgniter\Debug\Exceptions->errorHandler(8, 'Undefined variable: dataReservasi', 'APPPATH\\Views\\Admin\\Laporan.php', 74, [...])
 2 SYSTEMPATH\View\View.php(213): include('APPPATH\\Views\\Admin\\Laporan.php')
 3 SYSTEMPATH\View\View.php(216): CodeIgniter\View\View->CodeIgniter\View\{closure}()
 4 SYSTEMPATH\Common.php(1177): CodeIgniter\View\View->render('Admin/Laporan', [], true)
 5 APPPATH\Controllers\Home.php(161): view('Admin/Laporan', [...])
 6 SYSTEMPATH\CodeIgniter.php(934): App\Controllers\Home->Laporan()
 7 SYSTEMPATH\CodeIgniter.php(499): CodeIgniter\CodeIgniter->runController(Object(App\Controllers\Home))
 8 SYSTEMPATH\CodeIgniter.php(368): CodeIgniter\CodeIgniter->handleRequest(null, Object(Config\Cache), false)
 9 FCPATH\index.php(67): CodeIgniter\CodeIgniter->run()
10 SYSTEMPATH\Commands\Server\rewrite.php(47): require_once('FCPATH\\index.php')
INFO - 2023-07-10 23:59:06 --> Session: Class initialized using 'CodeIgniter\Session\Handlers\FileHandler' driver.
INFO - 2023-07-10 23:59:08 --> Session: Class initialized using 'CodeIgniter\Session\Handlers\FileHandler' driver.
INFO - 2023-07-10 23:59:13 --> Session: Class initialized using 'CodeIgniter\Session\Handlers\FileHandler' driver.
CRITICAL - 2023-07-10 23:59:13 --> Undefined variable: dataReservasi
in APPPATH\Views\Admin\Laporan.php on line 74.
 1 APPPATH\Views\Admin\Laporan.php(74): CodeIgniter\Debug\Exceptions->errorHandler(8, 'Undefined variable: dataReservasi', 'APPPATH\\Views\\Admin\\Laporan.php', 74, [...])
 2 SYSTEMPATH\View\View.php(213): include('APPPATH\\Views\\Admin\\Laporan.php')
 3 SYSTEMPATH\View\View.php(216): CodeIgniter\View\View->CodeIgniter\View\{closure}()
 4 SYSTEMPATH\Common.php(1177): CodeIgniter\View\View->render('Admin/Laporan', [], true)
 5 APPPATH\Controllers\Home.php(161): view('Admin/Laporan', [...])
 6 SYSTEMPATH\CodeIgniter.php(934): App\Controllers\Home->Laporan()
 7 SYSTEMPATH\CodeIgniter.php(499): CodeIgniter\CodeIgniter->runController(Object(App\Controllers\Home))
 8 SYSTEMPATH\CodeIgniter.php(368): CodeIgniter\CodeIgniter->handleRequest(null, Object(Config\Cache), false)
 9 FCPATH\index.php(67): CodeIgniter\CodeIgniter->run()
10 SYSTEMPATH\Commands\Server\rewrite.php(47): require_once('FCPATH\\index.php')
